<?xml version="1.0" encoding="UTF-8"?>
<testsuite xmlns:xsi="http://www.w3.org/2001/XMLSchema-instance" xsi:noNamespaceSchemaLocation="https://maven.apache.org/surefire/maven-surefire-plugin/xsd/surefire-test-report-3.0.xsd" version="3.0" name="dao.UserDAOTest" time="8.03" tests="5" errors="0" skipped="0" failures="0">
  <properties>
[...]
</properties>
  <testcase name="CheckTokenExistsWithNotExistingToken" classname="dao.UserDAOTest" time="1.719"/>
  <testcase name="CheckTokenExists" classname="dao.UserDAOTest" time="1.651"/>
  <testcase name="CheckUserExists" classname="dao.UserDAOTest" time="1.543"/>
  <testcase name="setToken" classname="dao.UserDAOTest" time="1.559"/>
  <testcase name="CheckUserExistsBadFlow" classname="dao.UserDAOTest" time="1.553"/>
</testsuite>